{"isPlatformAdmin":true,"level":"info","message":"Checking platform admin access","timestamp":"2026-01-12T08:27:57.845Z","userId":"69649cbda3588f40b95606ed"}
{"level":"info","message":"Platform admin access granted","timestamp":"2026-01-12T08:27:57.849Z","userId":"69649cbda3588f40b95606ed"}
{"isPlatformAdmin":true,"level":"info","message":"Checking platform admin access","timestamp":"2026-01-12T08:30:19.350Z","userId":"69649cbda3588f40b95606ed"}
{"level":"info","message":"Platform admin access granted","timestamp":"2026-01-12T08:30:19.354Z","userId":"69649cbda3588f40b95606ed"}
{"isPlatformAdmin":true,"level":"info","message":"Checking platform admin access","timestamp":"2026-01-12T08:31:14.319Z","userId":"69649cbda3588f40b95606ed"}
{"level":"info","message":"Platform admin access granted","timestamp":"2026-01-12T08:31:14.319Z","userId":"69649cbda3588f40b95606ed"}
{"isPlatformAdmin":true,"level":"info","message":"Checking platform admin access","timestamp":"2026-01-12T08:36:37.617Z","userId":"69649cbda3588f40b95606ed"}
{"level":"info","message":"Platform admin access granted","timestamp":"2026-01-12T08:36:37.617Z","userId":"69649cbda3588f40b95606ed"}
{"isPlatformAdmin":true,"level":"info","message":"Checking platform admin access","timestamp":"2026-01-12T08:38:25.790Z","userId":"69649cbda3588f40b95606ed"}
{"level":"info","message":"Platform admin access granted","timestamp":"2026-01-12T08:38:25.790Z","userId":"69649cbda3588f40b95606ed"}
{"isPlatformAdmin":true,"level":"info","message":"Checking platform admin access","timestamp":"2026-01-12T08:38:28.902Z","userId":"69649cbda3588f40b95606ed"}
{"level":"info","message":"Platform admin access granted","timestamp":"2026-01-12T08:38:28.903Z","userId":"69649cbda3588f40b95606ed"}
{"isPlatformAdmin":true,"level":"info","message":"Checking platform admin access","timestamp":"2026-01-12T08:40:50.614Z","userId":"69649cbda3588f40b95606ed"}
{"level":"info","message":"Platform admin access granted","timestamp":"2026-01-12T08:40:50.614Z","userId":"69649cbda3588f40b95606ed"}
{"isPlatformAdmin":true,"level":"info","message":"Checking platform admin access","timestamp":"2026-01-12T08:41:20.463Z","userId":"69649cbda3588f40b95606ed"}
{"level":"info","message":"Platform admin access granted","timestamp":"2026-01-12T08:41:20.464Z","userId":"69649cbda3588f40b95606ed"}
{"isPlatformAdmin":true,"level":"info","message":"Checking platform admin access","timestamp":"2026-01-12T08:48:49.250Z","userId":"69649cbda3588f40b95606ed"}
{"level":"info","message":"Platform admin access granted","timestamp":"2026-01-12T08:48:49.252Z","userId":"69649cbda3588f40b95606ed"}
{"isPlatformAdmin":true,"level":"info","message":"Checking platform admin access","timestamp":"2026-01-12T08:49:00.750Z","userId":"69649cbda3588f40b95606ed"}
{"level":"info","message":"Platform admin access granted","timestamp":"2026-01-12T08:49:00.751Z","userId":"69649cbda3588f40b95606ed"}
{"isPlatformAdmin":true,"level":"info","message":"Checking platform admin access","timestamp":"2026-01-12T08:56:43.266Z","userId":"69649cbda3588f40b95606ed"}
{"level":"info","message":"Platform admin access granted","timestamp":"2026-01-12T08:56:43.268Z","userId":"69649cbda3588f40b95606ed"}
{"isPlatformAdmin":true,"level":"info","message":"Checking platform admin access","timestamp":"2026-01-12T08:59:46.625Z","userId":"69649cbda3588f40b95606ed"}
{"level":"info","message":"Platform admin access granted","timestamp":"2026-01-12T08:59:46.629Z","userId":"69649cbda3588f40b95606ed"}
{"isPlatformAdmin":true,"level":"info","message":"Checking platform admin access","timestamp":"2026-01-12T09:02:21.722Z","userId":"69649cbda3588f40b95606ed"}
{"level":"info","message":"Platform admin access granted","timestamp":"2026-01-12T09:02:21.727Z","userId":"69649cbda3588f40b95606ed"}
{"isPlatformAdmin":true,"level":"info","message":"Checking platform admin access","timestamp":"2026-01-12T09:06:04.627Z","userId":"69649cbda3588f40b95606ed"}
{"level":"info","message":"Platform admin access granted","timestamp":"2026-01-12T09:06:04.632Z","userId":"69649cbda3588f40b95606ed"}
{"isPlatformAdmin":true,"level":"info","message":"Checking platform admin access","timestamp":"2026-01-12T09:07:17.642Z","userId":"69649cbda3588f40b95606ed"}
{"level":"info","message":"Platform admin access granted","timestamp":"2026-01-12T09:07:17.643Z","userId":"69649cbda3588f40b95606ed"}
{"isPlatformAdmin":true,"level":"info","message":"Setting organization context","timestamp":"2026-01-12T09:08:19.226Z","userEmail":"admin@yourdomain.com","userId":"69649cbda3588f40b95606ed"}
{"level":"info","message":"Platform admin detected","timestamp":"2026-01-12T09:08:19.226Z","userId":"69649cbda3588f40b95606ed"}
{"isPlatformAdmin":true,"level":"info","message":"Setting organization context","timestamp":"2026-01-12T09:08:19.227Z","userEmail":"admin@yourdomain.com","userId":"69649cbda3588f40b95606ed"}
{"level":"info","message":"Platform admin detected","timestamp":"2026-01-12T09:08:19.227Z","userId":"69649cbda3588f40b95606ed"}
{"isPlatformAdmin":true,"level":"info","message":"Setting organization context","timestamp":"2026-01-12T09:08:42.012Z","userEmail":"admin@yourdomain.com","userId":"69649cbda3588f40b95606ed"}
{"level":"info","message":"Platform admin detected","timestamp":"2026-01-12T09:08:42.013Z","userId":"69649cbda3588f40b95606ed"}
{"isPlatformAdmin":true,"level":"info","message":"Setting organization context","timestamp":"2026-01-12T09:08:42.013Z","userEmail":"admin@yourdomain.com","userId":"69649cbda3588f40b95606ed"}
{"level":"info","message":"Platform admin detected","timestamp":"2026-01-12T09:08:42.014Z","userId":"69649cbda3588f40b95606ed"}
{"isPlatformAdmin":true,"level":"info","message":"Checking platform admin access","timestamp":"2026-01-12T09:09:27.723Z","userId":"69649cbda3588f40b95606ed"}
{"level":"info","message":"Platform admin access granted","timestamp":"2026-01-12T09:09:27.728Z","userId":"69649cbda3588f40b95606ed"}
{"isPlatformAdmin":true,"level":"info","message":"Checking platform admin access","timestamp":"2026-01-12T09:09:48.859Z","userId":"69649cbda3588f40b95606ed"}
{"level":"info","message":"Platform admin access granted","timestamp":"2026-01-12T09:09:48.859Z","userId":"69649cbda3588f40b95606ed"}
{"isPlatformAdmin":true,"level":"info","message":"Checking platform admin access","timestamp":"2026-01-13T14:17:03.966Z","userId":"69649cbda3588f40b95606ed"}
{"level":"info","message":"Platform admin access granted","timestamp":"2026-01-13T14:17:03.968Z","userId":"69649cbda3588f40b95606ed"}
{"isPlatformAdmin":true,"level":"info","message":"Checking platform admin access","timestamp":"2026-01-13T14:17:13.727Z","userId":"69649cbda3588f40b95606ed"}
{"level":"info","message":"Platform admin access granted","timestamp":"2026-01-13T14:17:13.728Z","userId":"69649cbda3588f40b95606ed"}
{"isPlatformAdmin":true,"level":"info","message":"Checking platform admin access","timestamp":"2026-01-13T14:19:03.478Z","userId":"69649cbda3588f40b95606ed"}
{"level":"info","message":"Platform admin access granted","timestamp":"2026-01-13T14:19:03.478Z","userId":"69649cbda3588f40b95606ed"}
{"isPlatformAdmin":true,"level":"info","message":"Checking platform admin access","timestamp":"2026-01-13T14:23:27.768Z","userId":"69649cbda3588f40b95606ed"}
{"level":"info","message":"Platform admin access granted","timestamp":"2026-01-13T14:23:27.769Z","userId":"69649cbda3588f40b95606ed"}
{"isPlatformAdmin":true,"level":"info","message":"Checking platform admin access","timestamp":"2026-01-13T15:30:09.598Z","userId":"69649cbda3588f40b95606ed"}
{"level":"info","message":"Platform admin access granted","timestamp":"2026-01-13T15:30:09.601Z","userId":"69649cbda3588f40b95606ed"}
{"isPlatformAdmin":true,"level":"info","message":"Checking platform admin access","timestamp":"2026-01-13T15:30:32.485Z","userId":"69649cbda3588f40b95606ed"}
{"level":"info","message":"Platform admin access granted","timestamp":"2026-01-13T15:30:32.486Z","userId":"69649cbda3588f40b95606ed"}
{"isPlatformAdmin":true,"level":"info","message":"Checking platform admin access","timestamp":"2026-01-13T15:31:21.468Z","userId":"69649cbda3588f40b95606ed"}
{"level":"info","message":"Platform admin access granted","timestamp":"2026-01-13T15:31:21.468Z","userId":"69649cbda3588f40b95606ed"}
{"isPlatformAdmin":true,"level":"info","message":"Checking platform admin access","timestamp":"2026-01-13T15:36:32.622Z","userId":"69649cbda3588f40b95606ed"}
{"level":"info","message":"Platform admin access granted","timestamp":"2026-01-13T15:36:32.623Z","userId":"69649cbda3588f40b95606ed"}
{"isPlatformAdmin":true,"level":"info","message":"Checking platform admin access","timestamp":"2026-01-13T15:39:31.288Z","userId":"69649cbda3588f40b95606ed"}
{"level":"info","message":"Platform admin access granted","timestamp":"2026-01-13T15:39:31.288Z","userId":"69649cbda3588f40b95606ed"}
{"isPlatformAdmin":true,"level":"info","message":"Checking platform admin access","timestamp":"2026-01-13T15:48:38.162Z","userId":"69649cbda3588f40b95606ed"}
{"level":"info","message":"Platform admin access granted","timestamp":"2026-01-13T15:48:38.163Z","userId":"69649cbda3588f40b95606ed"}
{"isPlatformAdmin":false,"level":"info","message":"Setting organization context","timestamp":"2026-01-13T15:59:36.755Z","userEmail":"admin1@test-university.edu","userId":"69666b6f4eda0e46d99024de"}
{"level":"info","message":"Organization context set successfully","organizationId":"69666b6f4eda0e46d99024db","organizationName":"Test shgc","timestamp":"2026-01-13T15:59:36.757Z","userId":"69666b6f4eda0e46d99024de"}
{"isPlatformAdmin":false,"level":"info","message":"Setting organization context","timestamp":"2026-01-13T16:01:08.452Z","userEmail":"admin1@test-university.edu","userId":"69666b6f4eda0e46d99024de"}
{"level":"info","message":"Organization context set successfully","organizationId":"69666b6f4eda0e46d99024db","organizationName":"Test shgc","timestamp":"2026-01-13T16:01:08.454Z","userId":"69666b6f4eda0e46d99024de"}
{"isPlatformAdmin":false,"level":"info","message":"Setting organization context","timestamp":"2026-01-13T16:01:08.454Z","userEmail":"admin1@test-university.edu","userId":"69666b6f4eda0e46d99024de"}
{"level":"info","message":"Organization context set successfully","organizationId":"69666b6f4eda0e46d99024db","organizationName":"Test shgc","timestamp":"2026-01-13T16:01:08.456Z","userId":"69666b6f4eda0e46d99024de"}
{"level":"info","message":"Scoping request to organization","method":"GET","organizationId":"69666b6f4eda0e46d99024db","path":"/v1/organizations/registe","timestamp":"2026-01-13T16:01:08.457Z"}
{"isPlatformAdmin":false,"level":"info","message":"Setting organization context","timestamp":"2026-01-13T16:01:14.700Z","userEmail":"admin1@test-university.edu","userId":"69666b6f4eda0e46d99024de"}
{"level":"info","message":"Organization context set successfully","organizationId":"69666b6f4eda0e46d99024db","organizationName":"Test shgc","timestamp":"2026-01-13T16:01:14.702Z","userId":"69666b6f4eda0e46d99024de"}
{"isPlatformAdmin":false,"level":"info","message":"Setting organization context","timestamp":"2026-01-13T16:01:14.703Z","userEmail":"admin1@test-university.edu","userId":"69666b6f4eda0e46d99024de"}
{"level":"info","message":"Organization context set successfully","organizationId":"69666b6f4eda0e46d99024db","organizationName":"Test shgc","timestamp":"2026-01-13T16:01:14.706Z","userId":"69666b6f4eda0e46d99024de"}
{"level":"info","message":"Scoping request to organization","method":"GET","organizationId":"69666b6f4eda0e46d99024db","path":"/v1/organizations/register","timestamp":"2026-01-13T16:01:14.706Z"}
{"isPlatformAdmin":false,"level":"info","message":"Setting organization context","timestamp":"2026-01-13T16:02:29.254Z","userEmail":"admin1@test-university.edu","userId":"69666b6f4eda0e46d99024de"}
{"level":"info","message":"Organization context set successfully","organizationId":"69666b6f4eda0e46d99024db","organizationName":"Test shgc","timestamp":"2026-01-13T16:02:29.256Z","userId":"69666b6f4eda0e46d99024de"}
{"isPlatformAdmin":false,"level":"info","message":"Setting organization context","timestamp":"2026-01-13T16:04:26.875Z","userEmail":"admin1@test-university.edu","userId":"69666b6f4eda0e46d99024de"}
{"level":"info","message":"Organization context set successfully","organizationId":"69666b6f4eda0e46d99024db","organizationName":"Test shgc","timestamp":"2026-01-13T16:04:26.876Z","userId":"69666b6f4eda0e46d99024de"}
{"isPlatformAdmin":false,"level":"info","message":"Checking organization admin access","organizationId":"69666b6f4eda0e46d99024db","timestamp":"2026-01-13T16:04:26.877Z","userId":"69666b6f4eda0e46d99024de","userRole":"admin"}
{"level":"info","message":"Organization super admin access granted","organizationId":"69666b6f4eda0e46d99024db","timestamp":"2026-01-13T16:04:26.877Z","userId":"69666b6f4eda0e46d99024de"}
{"isPlatformAdmin":false,"level":"info","message":"Setting organization context","timestamp":"2026-01-13T16:05:35.431Z","userEmail":"admin1@test-university.edu","userId":"69666b6f4eda0e46d99024de"}
{"level":"info","message":"Organization context set successfully","organizationId":"69666b6f4eda0e46d99024db","organizationName":"Test shgc","timestamp":"2026-01-13T16:05:35.434Z","userId":"69666b6f4eda0e46d99024de"}
{"isPlatformAdmin":false,"level":"info","message":"Setting organization context","timestamp":"2026-01-13T16:05:35.434Z","userEmail":"admin1@test-university.edu","userId":"69666b6f4eda0e46d99024de"}
{"level":"info","message":"Organization context set successfully","organizationId":"69666b6f4eda0e46d99024db","organizationName":"Test shgc","timestamp":"2026-01-13T16:05:35.436Z","userId":"69666b6f4eda0e46d99024de"}
{"level":"info","message":"Scoping request to organization","method":"GET","organizationId":"69666b6f4eda0e46d99024db","path":"/v1/organizations/platform","timestamp":"2026-01-13T16:05:35.436Z"}
{"isPlatformAdmin":false,"level":"info","message":"Setting organization context","timestamp":"2026-01-13T16:06:10.100Z","userEmail":"admin1@test-university.edu","userId":"69666b6f4eda0e46d99024de"}
{"level":"info","message":"Organization context set successfully","organizationId":"69666b6f4eda0e46d99024db","organizationName":"Test shgc","timestamp":"2026-01-13T16:06:10.102Z","userId":"69666b6f4eda0e46d99024de"}
{"isPlatformAdmin":false,"level":"info","message":"Setting organization context","timestamp":"2026-01-13T16:06:10.102Z","userEmail":"admin1@test-university.edu","userId":"69666b6f4eda0e46d99024de"}
{"level":"info","message":"Organization context set successfully","organizationId":"69666b6f4eda0e46d99024db","organizationName":"Test shgc","timestamp":"2026-01-13T16:06:10.104Z","userId":"69666b6f4eda0e46d99024de"}
{"level":"info","message":"Scoping request to organization","method":"GET","organizationId":"69666b6f4eda0e46d99024db","path":"/v1/organizations/platform","timestamp":"2026-01-13T16:06:10.104Z"}
{"isPlatformAdmin":false,"level":"info","message":"Setting organization context","timestamp":"2026-01-13T16:08:13.739Z","userEmail":"admin1@test-university.edu","userId":"69666b6f4eda0e46d99024de"}
{"level":"info","message":"Organization context set successfully","organizationId":"69666b6f4eda0e46d99024db","organizationName":"Test shgc","timestamp":"2026-01-13T16:08:13.744Z","userId":"69666b6f4eda0e46d99024de"}
{"isPlatformAdmin":false,"level":"info","message":"Setting organization context","timestamp":"2026-01-13T16:08:13.745Z","userEmail":"admin1@test-university.edu","userId":"69666b6f4eda0e46d99024de"}
{"level":"info","message":"Organization context set successfully","organizationId":"69666b6f4eda0e46d99024db","organizationName":"Test shgc","timestamp":"2026-01-13T16:08:13.747Z","userId":"69666b6f4eda0e46d99024de"}
{"level":"info","message":"Scoping request to organization","method":"GET","organizationId":"69666b6f4eda0e46d99024db","path":"/v1/organizations/platform/organizations%0A%20%20%20%20%20%20%20%20%20%20%20%20%20%20%20%20%20%20%20%20%20%20%20%20%20%20%20%20%20%20%20%20%20%20%20%20%20%20%20%20%20%20%20%20%20%20%20%20%20%20%20%20%20%20^^^^^^^^^^^^^^^^","timestamp":"2026-01-13T16:08:13.748Z"}
{"isPlatformAdmin":false,"level":"info","message":"Checking platform admin access","timestamp":"2026-01-13T16:08:33.383Z","userId":"69666b6f4eda0e46d99024de"}
{"level":"warn","message":"Platform admin access denied","timestamp":"2026-01-13T16:08:33.383Z","userId":"69666b6f4eda0e46d99024de","userRole":"admin"}
{"isPlatformAdmin":true,"level":"info","message":"Checking platform admin access","timestamp":"2026-01-13T16:09:51.193Z","userId":"69649cbda3588f40b95606ed"}
{"level":"info","message":"Platform admin access granted","timestamp":"2026-01-13T16:09:51.193Z","userId":"69649cbda3588f40b95606ed"}
{"isPlatformAdmin":true,"level":"info","message":"Setting organization context","timestamp":"2026-01-13T16:12:47.593Z","userEmail":"admin@yourdomain.com","userId":"69649cbda3588f40b95606ed"}
{"level":"info","message":"Platform admin detected","timestamp":"2026-01-13T16:12:47.594Z","userId":"69649cbda3588f40b95606ed"}
{"error":"Cannot read properties of undefined (reading 'organizationId')","level":"error","message":"Unexpected error in setOrganizationContext","stack":"TypeError: Cannot read properties of undefined (reading 'organizationId')\n    at exports.setOrganizationContext (D:\\new_lms\\backend\\middleware\\organizationMiddleware.js:45:36)\n    at Layer.handleRequest (D:\\new_lms\\backend\\node_modules\\router\\lib\\layer.js:152:17)\n    at trimPrefix (D:\\new_lms\\backend\\node_modules\\router\\index.js:342:13)\n    at D:\\new_lms\\backend\\node_modules\\router\\index.js:297:9\n    at processParams (D:\\new_lms\\backend\\node_modules\\router\\index.js:582:12)\n    at next (D:\\new_lms\\backend\\node_modules\\router\\index.js:291:5)\n    at authenticate (D:\\new_lms\\backend\\middleware\\authMiddleware.js:58:5)\n    at process.processTicksAndRejections (node:internal/process/task_queues:105:5)","timestamp":"2026-01-13T16:12:47.595Z"}
{"isPlatformAdmin":true,"level":"info","message":"Setting organization context","timestamp":"2026-01-13T16:12:50.852Z","userEmail":"admin@yourdomain.com","userId":"69649cbda3588f40b95606ed"}
{"level":"info","message":"Platform admin detected","timestamp":"2026-01-13T16:12:50.852Z","userId":"69649cbda3588f40b95606ed"}
{"error":"Cannot read properties of undefined (reading 'organizationId')","level":"error","message":"Unexpected error in setOrganizationContext","stack":"TypeError: Cannot read properties of undefined (reading 'organizationId')\n    at exports.setOrganizationContext (D:\\new_lms\\backend\\middleware\\organizationMiddleware.js:45:36)\n    at Layer.handleRequest (D:\\new_lms\\backend\\node_modules\\router\\lib\\layer.js:152:17)\n    at trimPrefix (D:\\new_lms\\backend\\node_modules\\router\\index.js:342:13)\n    at D:\\new_lms\\backend\\node_modules\\router\\index.js:297:9\n    at processParams (D:\\new_lms\\backend\\node_modules\\router\\index.js:582:12)\n    at next (D:\\new_lms\\backend\\node_modules\\router\\index.js:291:5)\n    at authenticate (D:\\new_lms\\backend\\middleware\\authMiddleware.js:58:5)\n    at process.processTicksAndRejections (node:internal/process/task_queues:105:5)","timestamp":"2026-01-13T16:12:50.853Z"}
{"isPlatformAdmin":true,"level":"info","message":"Setting organization context","timestamp":"2026-01-13T16:15:02.977Z","userEmail":"admin@yourdomain.com","userId":"69649cbda3588f40b95606ed"}
{"level":"info","message":"Platform admin detected","timestamp":"2026-01-13T16:15:02.978Z","userId":"69649cbda3588f40b95606ed"}
{"error":"Cannot read properties of undefined (reading 'organizationId')","level":"error","message":"Unexpected error in setOrganizationContext","stack":"TypeError: Cannot read properties of undefined (reading 'organizationId')\n    at exports.setOrganizationContext (D:\\new_lms\\backend\\middleware\\organizationMiddleware.js:45:36)\n    at Layer.handleRequest (D:\\new_lms\\backend\\node_modules\\router\\lib\\layer.js:152:17)\n    at trimPrefix (D:\\new_lms\\backend\\node_modules\\router\\index.js:342:13)\n    at D:\\new_lms\\backend\\node_modules\\router\\index.js:297:9\n    at processParams (D:\\new_lms\\backend\\node_modules\\router\\index.js:582:12)\n    at next (D:\\new_lms\\backend\\node_modules\\router\\index.js:291:5)\n    at authenticate (D:\\new_lms\\backend\\middleware\\authMiddleware.js:58:5)\n    at process.processTicksAndRejections (node:internal/process/task_queues:105:5)","timestamp":"2026-01-13T16:15:02.978Z"}
{"isPlatformAdmin":true,"level":"info","message":"Setting organization context","timestamp":"2026-01-13T16:15:28.476Z","userEmail":"admin@yourdomain.com","userId":"69649cbda3588f40b95606ed"}
{"level":"info","message":"Platform admin detected","timestamp":"2026-01-13T16:15:28.476Z","userId":"69649cbda3588f40b95606ed"}
{"error":"Cannot read properties of undefined (reading 'organizationId')","level":"error","message":"Unexpected error in setOrganizationContext","stack":"TypeError: Cannot read properties of undefined (reading 'organizationId')\n    at exports.setOrganizationContext (D:\\new_lms\\backend\\middleware\\organizationMiddleware.js:45:36)\n    at Layer.handleRequest (D:\\new_lms\\backend\\node_modules\\router\\lib\\layer.js:152:17)\n    at trimPrefix (D:\\new_lms\\backend\\node_modules\\router\\index.js:342:13)\n    at D:\\new_lms\\backend\\node_modules\\router\\index.js:297:9\n    at processParams (D:\\new_lms\\backend\\node_modules\\router\\index.js:582:12)\n    at next (D:\\new_lms\\backend\\node_modules\\router\\index.js:291:5)\n    at authenticate (D:\\new_lms\\backend\\middleware\\authMiddleware.js:58:5)\n    at process.processTicksAndRejections (node:internal/process/task_queues:105:5)","timestamp":"2026-01-13T16:15:28.477Z"}
{"isPlatformAdmin":true,"level":"info","message":"Checking platform admin access","timestamp":"2026-01-13T16:15:44.647Z","userId":"69649cbda3588f40b95606ed"}
{"level":"info","message":"Platform admin access granted","timestamp":"2026-01-13T16:15:44.650Z","userId":"69649cbda3588f40b95606ed"}
{"isPlatformAdmin":true,"level":"info","message":"Setting organization context","timestamp":"2026-01-13T16:15:53.331Z","userEmail":"admin@yourdomain.com","userId":"69649cbda3588f40b95606ed"}
{"level":"info","message":"Platform admin detected","timestamp":"2026-01-13T16:15:53.332Z","userId":"69649cbda3588f40b95606ed"}
{"error":"Cannot read properties of undefined (reading 'organizationId')","level":"error","message":"Unexpected error in setOrganizationContext","stack":"TypeError: Cannot read properties of undefined (reading 'organizationId')\n    at exports.setOrganizationContext (D:\\new_lms\\backend\\middleware\\organizationMiddleware.js:45:36)\n    at Layer.handleRequest (D:\\new_lms\\backend\\node_modules\\router\\lib\\layer.js:152:17)\n    at trimPrefix (D:\\new_lms\\backend\\node_modules\\router\\index.js:342:13)\n    at D:\\new_lms\\backend\\node_modules\\router\\index.js:297:9\n    at processParams (D:\\new_lms\\backend\\node_modules\\router\\index.js:582:12)\n    at next (D:\\new_lms\\backend\\node_modules\\router\\index.js:291:5)\n    at authenticate (D:\\new_lms\\backend\\middleware\\authMiddleware.js:58:5)\n    at process.processTicksAndRejections (node:internal/process/task_queues:105:5)","timestamp":"2026-01-13T16:15:53.333Z"}
{"isPlatformAdmin":true,"level":"info","message":"Setting organization context","timestamp":"2026-01-13T16:16:16.681Z","userEmail":"admin@yourdomain.com","userId":"69649cbda3588f40b95606ed"}
{"level":"info","message":"Platform admin detected","timestamp":"2026-01-13T16:16:16.682Z","userId":"69649cbda3588f40b95606ed"}
{"error":"Cannot read properties of undefined (reading 'organizationId')","level":"error","message":"Unexpected error in setOrganizationContext","stack":"TypeError: Cannot read properties of undefined (reading 'organizationId')\n    at exports.setOrganizationContext (D:\\new_lms\\backend\\middleware\\organizationMiddleware.js:45:36)\n    at Layer.handleRequest (D:\\new_lms\\backend\\node_modules\\router\\lib\\layer.js:152:17)\n    at trimPrefix (D:\\new_lms\\backend\\node_modules\\router\\index.js:342:13)\n    at D:\\new_lms\\backend\\node_modules\\router\\index.js:297:9\n    at processParams (D:\\new_lms\\backend\\node_modules\\router\\index.js:582:12)\n    at next (D:\\new_lms\\backend\\node_modules\\router\\index.js:291:5)\n    at authenticate (D:\\new_lms\\backend\\middleware\\authMiddleware.js:58:5)\n    at process.processTicksAndRejections (node:internal/process/task_queues:105:5)","timestamp":"2026-01-13T16:16:16.682Z"}
{"isPlatformAdmin":true,"level":"info","message":"Checking platform admin access","timestamp":"2026-01-13T16:17:52.839Z","userId":"69649cbda3588f40b95606ed"}
{"level":"info","message":"Platform admin access granted","timestamp":"2026-01-13T16:17:52.839Z","userId":"69649cbda3588f40b95606ed"}
